tv/build/intermediates/manifest_merge_blame_file/debug/manifest-merger-blame-debug-report.txt
1<?xml version="1.0" encoding="utf-8"?>
2<manifest xmlns:android="http://schemas.android.com/apk/res/android"
3    package="com.alorma.rac.tv.debug"
4    android:versionCode="1"
5    android:versionName="1.0-Dev" >
6
7    <uses-sdk
8        android:minSdkVersion="23"
8-->src/main/AndroidManifest.xml
9        android:targetSdkVersion="29" />
9-->src/main/AndroidManifest.xml
10
11    <uses-feature
11-->src/main/AndroidManifest.xml:6:5-8:36
12        android:name="android.hardware.touchscreen"
12-->src/main/AndroidManifest.xml:7:9-52
13        android:required="false" />
13-->src/main/AndroidManifest.xml:8:9-33
14    <uses-feature
14-->src/main/AndroidManifest.xml:9:5-11:35
15        android:name="android.software.leanback"
15-->src/main/AndroidManifest.xml:10:9-49
16        android:required="true" />
16-->src/main/AndroidManifest.xml:11:9-32
17
18    <uses-permission android:name="android.permission.INTERNET" />
18-->[:app_base] AndroidManifest.xml:10:5-67
18-->[:app_base] AndroidManifest.xml:10:22-64
19
20    <application
20-->src/main/AndroidManifest.xml:13:5-42:19
21        android:name="com.alorma.rac.RadioApplication"
21-->src/main/AndroidManifest.xml:14:9-41
22        android:allowBackup="true"
22-->src/main/AndroidManifest.xml:15:9-35
23        android:appComponentFactory="androidx.core.app.CoreComponentFactory"
23-->[androidx.core:core:1.2.0-beta02] AndroidManifest.xml:24:18-86
24        android:debuggable="true"
25        android:extractNativeLibs="false"
26        android:icon="@mipmap/ic_launcher"
26-->src/main/AndroidManifest.xml:16:9-43
27        android:label="@string/app_name"
27-->src/main/AndroidManifest.xml:17:9-41
28        android:roundIcon="@mipmap/ic_launcher_round"
28-->src/main/AndroidManifest.xml:18:9-54
29        android:supportsRtl="true"
29-->src/main/AndroidManifest.xml:19:9-35
30        android:theme="@style/Rac1Theme" >
30-->src/main/AndroidManifest.xml:20:9-41
31        <activity
31-->src/main/AndroidManifest.xml:23:9-31:20
32            android:name="com.alorma.rac.tv.Rac1Activity"
32-->src/main/AndroidManifest.xml:24:13-44
33            android:label="Rac 1" >
33-->src/main/AndroidManifest.xml:25:13-34
34            <intent-filter>
34-->src/main/AndroidManifest.xml:26:13-30:29
35                <action android:name="android.intent.action.MAIN" />
35-->src/main/AndroidManifest.xml:27:17-69
35-->src/main/AndroidManifest.xml:27:25-66
36
37                <category android:name="android.intent.category.LEANBACK_LAUNCHER" />
37-->src/main/AndroidManifest.xml:29:17-86
37-->src/main/AndroidManifest.xml:29:27-83
38            </intent-filter>
39        </activity>
40        <activity
40-->src/main/AndroidManifest.xml:32:9-40:20
41            android:name="com.alorma.rac.tv.Rac105Activity"
41-->src/main/AndroidManifest.xml:33:13-46
42            android:label="Rac 105" >
42-->src/main/AndroidManifest.xml:34:13-36
43            <intent-filter>
43-->src/main/AndroidManifest.xml:26:13-30:29
44                <action android:name="android.intent.action.MAIN" />
44-->src/main/AndroidManifest.xml:27:17-69
44-->src/main/AndroidManifest.xml:27:25-66
45
46                <category android:name="android.intent.category.LEANBACK_LAUNCHER" />
46-->src/main/AndroidManifest.xml:29:17-86
46-->src/main/AndroidManifest.xml:29:27-83
47            </intent-filter>
48        </activity>
49
50        <provider
50-->[io.coil-kt:coil:0.8.0] AndroidManifest.xml:10:9-13:40
51            android:name="coil.util.CoilContentProvider"
51-->[io.coil-kt:coil:0.8.0] AndroidManifest.xml:11:13-57
52            android:authorities="com.alorma.rac.tv.debug.coil"
52-->[io.coil-kt:coil:0.8.0] AndroidManifest.xml:12:13-56
53            android:exported="false" />
53-->[io.coil-kt:coil:0.8.0] AndroidManifest.xml:13:13-37
54        <provider
54-->[androidx.lifecycle:lifecycle-process:2.2.0-rc02] AndroidManifest.xml:25:9-29:43
55            android:name="androidx.lifecycle.ProcessLifecycleOwnerInitializer"
55-->[androidx.lifecycle:lifecycle-process:2.2.0-rc02] AndroidManifest.xml:26:13-79
56            android:authorities="com.alorma.rac.tv.debug.lifecycle-process"
56-->[androidx.lifecycle:lifecycle-process:2.2.0-rc02] AndroidManifest.xml:27:13-69
57            android:exported="false"
57-->[androidx.lifecycle:lifecycle-process:2.2.0-rc02] AndroidManifest.xml:28:13-37
58            android:multiprocess="true" />
58-->[androidx.lifecycle:lifecycle-process:2.2.0-rc02] AndroidManifest.xml:29:13-40
59    </application>
60
61</manifest>